<?xml version="1.0" encoding="UTF-8"?>
<!-- Generated by org.testng.reporters.JUnitReportReporter -->
<testsuite hostname="LAPTOP-37OCRM3S" failures="0" tests="1" name="testScripts.CategoryTest" time="8.530" errors="0" timestamp="2023-10-19T00:11:19 IST" skipped="0">
  <testcase classname="testScripts.CategoryTest" name="verifyWhetherNewCategoryInformationsCanBeAdded" time="8.530"/>
</testsuite> <!-- testScripts.CategoryTest -->
