<?xml version="1.0" encoding="UTF-8"?>
<!-- Generated by org.testng.reporters.JUnitReportReporter -->
<testsuite hostname="LAPTOP-37OCRM3S" failures="0" tests="1" name="com.obsqura.rmartSupermarket.Login" time="3.589" errors="0" timestamp="2023-10-12T12:16:07 IST" skipped="0">
  <testcase classname="com.obsqura.rmartSupermarket.Login" name="verifyWhetherTheUserIsAbleToLoginWithValidCredentials" time="3.589"/>
</testsuite> <!-- com.obsqura.rmartSupermarket.Login -->
