<?xml version="1.0" encoding="UTF-8"?>
<!-- Generated by org.testng.reporters.JUnitReportReporter -->
<testsuite hostname="LAPTOP-37OCRM3S" failures="0" tests="1" name="testScripts.LoginTest" time="7.270" errors="0" timestamp="2023-10-16T11:23:11 IST" skipped="0">
  <testcase classname="testScripts.LoginTest" name="verifyWhetherTheUserIsAbleToLoginWithValidCredentials" time="7.270"/>
</testsuite> <!-- testScripts.LoginTest -->
