<?xml version="1.0" encoding="UTF-8"?>
<!-- Generated by org.testng.reporters.JUnitReportReporter -->
<testsuite hostname="LAPTOP-37OCRM3S" failures="0" tests="1" name="testScripts.MobileSliderTest" time="11.808" errors="0" timestamp="2023-10-19T01:55:04 IST" skipped="0">
  <testcase classname="testScripts.MobileSliderTest" name="verifyWhetherNewSliderInformationsCanBeAdded" time="11.808"/>
</testsuite> <!-- testScripts.MobileSliderTest -->
