<?xml version="1.0" encoding="UTF-8"?>
<!-- Generated by org.testng.reporters.JUnitReportReporter -->
<testsuite hostname="LAPTOP-37OCRM3S" failures="0" tests="1" name="testScripts.AdminUsersTest" time="7.821" errors="0" timestamp="2023-10-18T15:58:58 IST" skipped="0">
  <testcase classname="testScripts.AdminUsersTest" name="verifyWhetherNewAdminUsersInformationCanBeAdded" time="7.821"/>
</testsuite> <!-- testScripts.AdminUsersTest -->
