<?xml version="1.0" encoding="UTF-8"?>
<!-- Generated by org.testng.reporters.JUnitReportReporter -->
<testsuite hostname="LAPTOP-37OCRM3S" failures="0" tests="1" name="testScripts.ManagePagesTest" time="5.288" errors="0" timestamp="2023-10-18T11:33:33 IST" skipped="0">
  <testcase classname="testScripts.ManagePagesTest" name="verifyWhetherTheUserIsAbleToSearchValidProducts" time="5.288"/>
</testsuite> <!-- testScripts.ManagePagesTest -->
